<?xml version="1.0" encoding="UTF-8"?>
<!-- Generated by org.testng.reporters.JUnitXMLReporter -->
<testsuite ignored="0" hostname="DESKTOP-INTDDEM" failures="0" tests="2" name="Default test" time="92.325" errors="0" timestamp="2022-11-04T15:07:42 NPT">
  <testcase classname="com.mystore.testcases.MultiUserLoginTest" name="MultipleLoginTest" time="32.297"/>
  <testcase classname="com.mystore.testcases.MultiUserLoginTest" name="MultipleLoginTest" time="24.929"/>
</testsuite> <!-- Default test -->
