<?xml version="1.0" encoding="UTF-8"?>
<testng-results ignored="0" total="2" passed="2" failed="0" skipped="0">
  <reporter-output>
  </reporter-output>
  <suite started-at="2022-11-04T15:06:10 NPT" name="Default suite" finished-at="2022-11-04T15:07:42 NPT" duration-ms="92325">
    <groups>
    </groups>
    <test started-at="2022-11-04T15:06:10 NPT" name="Default test" finished-at="2022-11-04T15:07:42 NPT" duration-ms="92325">
      <class name="com.mystore.testcases.MultiUserLoginTest">
        <test-method is-config="true" signature="loadConfig()[pri:0, instance:com.mystore.testcases.MultiUserLoginTest@52b1beb6]" started-at="2022-11-04T15:06:10 NPT" name="loadConfig" finished-at="2022-11-04T15:06:10 NPT" duration-ms="10" status="PASS">
          <reporter-output>
          </reporter-output>
        </test-method> <!-- loadConfig -->
        <test-method is-config="true" signature="setup()[pri:0, instance:com.mystore.testcases.MultiUserLoginTest@52b1beb6]" started-at="2022-11-04T15:06:10 NPT" name="setup" finished-at="2022-11-04T15:06:27 NPT" duration-ms="17319" status="PASS">
          <reporter-output>
          </reporter-output>
        </test-method> <!-- setup -->
        <test-method signature="MultipleLoginTest(java.lang.String,java.lang.String)[pri:0, instance:com.mystore.testcases.MultiUserLoginTest@52b1beb6]" started-at="2022-11-04T15:06:27 NPT" name="MultipleLoginTest" data-provider="create" finished-at="2022-11-04T15:06:59 NPT" duration-ms="32297" status="PASS">
          <params>
            <param index="0">
              <value>
                <![CDATA[randhirall20@gmail.com]]>
              </value>
            </param>
            <param index="1">
              <value>
                <![CDATA[automation]]>
              </value>
            </param>
          </params>
          <reporter-output>
          </reporter-output>
        </test-method> <!-- MultipleLoginTest -->
        <test-method is-config="true" signature="tearDown()[pri:0, instance:com.mystore.testcases.MultiUserLoginTest@52b1beb6]" started-at="2022-11-04T15:06:59 NPT" name="tearDown" finished-at="2022-11-04T15:07:00 NPT" duration-ms="295" status="PASS">
          <reporter-output>
          </reporter-output>
        </test-method> <!-- tearDown -->
        <test-method is-config="true" signature="setup()[pri:0, instance:com.mystore.testcases.MultiUserLoginTest@52b1beb6]" started-at="2022-11-04T15:07:00 NPT" name="setup" finished-at="2022-11-04T15:07:17 NPT" duration-ms="17125" status="PASS">
          <reporter-output>
          </reporter-output>
        </test-method> <!-- setup -->
        <test-method signature="MultipleLoginTest(java.lang.String,java.lang.String)[pri:0, instance:com.mystore.testcases.MultiUserLoginTest@52b1beb6]" started-at="2022-11-04T15:07:17 NPT" name="MultipleLoginTest" data-provider="create" finished-at="2022-11-04T15:07:42 NPT" duration-ms="24929" status="PASS">
          <params>
            <param index="0">
              <value>
                <![CDATA[randhirall21@gmail.com]]>
              </value>
            </param>
            <param index="1">
              <value>
                <![CDATA[automation]]>
              </value>
            </param>
          </params>
          <reporter-output>
          </reporter-output>
        </test-method> <!-- MultipleLoginTest -->
        <test-method is-config="true" signature="tearDown()[pri:0, instance:com.mystore.testcases.MultiUserLoginTest@52b1beb6]" started-at="2022-11-04T15:07:42 NPT" name="tearDown" finished-at="2022-11-04T15:07:42 NPT" duration-ms="312" status="PASS">
          <reporter-output>
          </reporter-output>
        </test-method> <!-- tearDown -->
      </class> <!-- com.mystore.testcases.MultiUserLoginTest -->
    </test> <!-- Default test -->
  </suite> <!-- Default suite -->
</testng-results>
